# JRE version: OpenJDK Runtime Environment Temurin-17.0.9+9 (17.0.9+9) (build 17.0.9+9)
# Java VM: OpenJDK 64-Bit Server VM Temurin-17.0.9+9 (17.0.9+9, mixed mode, emulated-client, tiered, compressed oops, compressed class ptrs, g1 gc, windows-amd64)
GC Precious Log:
 CPUs: 4 total, 4 available
 Memory: 8096M
 Large Page Support: Disabled
 NUMA Support: Disabled
 Compressed Oops: Enabled (32-bit)
 Heap Region Size: 1M
 Heap Min Capacity: 8M
 Heap Initial Capacity: 128M
 Heap Max Capacity: 2026M
 Pre-touch: Disabled
 Parallel Workers: 4
 Concurrent Workers: 1
 Concurrent Refinement Workers: 4
 Periodic GC: Disabled
Heap:
 garbage-first heap   total 66560K, used 43534K [0x0000000081600000, 0x0000000100000000)
  region size 1024K, 31 young (31744K), 1 survivors (1024K)
 Metaspace       used 41144K, committed 41664K, reserved 1114112K
  class space    used 5061K, committed 5312K, reserved 1048576K
GC Heap History (20 events):
Event: 2.163 GC heap before
{Heap before GC invocations=2 (full 0):
 garbage-first heap   total 131072K, used 49290K [0x0000000081600000, 0x0000000100000000)
  region size 1024K, 46 young (47104K), 2 survivors (2048K)
 Metaspace       used 21238K, committed 21504K, reserved 1114112K
  class space    used 2407K, committed 2560K, reserved 1048576K
}
Event: 2.171 GC heap after
{Heap after GC invocations=3 (full 0):
 garbage-first heap   total 131072K, used 6820K [0x0000000081600000, 0x0000000100000000)
  region size 1024K, 3 young (3072K), 3 survivors (3072K)
 Metaspace       used 21238K, committed 21504K, reserved 1114112K
  class space    used 2407K, committed 2560K, reserved 1048576K
}
Event: 2.265 GC heap before
{Heap before GC invocations=4 (full 0):
 garbage-first heap   total 34816K, used 25252K [0x0000000081600000, 0x0000000100000000)
  region size 1024K, 23 young (23552K), 3 survivors (3072K)
 Metaspace       used 22899K, committed 23168K, reserved 1114112K
  class space    used 2583K, committed 2688K, reserved 1048576K
}
Event: 2.270 GC heap after
{Heap after GC invocations=5 (full 0):
 garbage-first heap   total 34816K, used 6970K [0x0000000081600000, 0x0000000100000000)
  region size 1024K, 3 young (3072K), 3 survivors (3072K)
 Metaspace       used 22899K, committed 23168K, reserved 1114112K
  class space    used 2583K, committed 2688K, reserved 1048576K
}
Event: 2.277 GC heap before
{Heap before GC invocations=5 (full 0):
 garbage-first heap   total 34816K, used 6970K [0x0000000081600000, 0x0000000100000000)
  region size 1024K, 4 young (4096K), 3 survivors (3072K)
 Metaspace       used 22988K, committed 23296K, reserved 1114112K
  class space    used 2593K, committed 2752K, reserved 1048576K
}
Event: 2.285 GC heap after
{Heap after GC invocations=6 (full 0):
 garbage-first heap   total 34816K, used 6899K [0x0000000081600000, 0x0000000100000000)
  region size 1024K, 1 young (1024K), 1 survivors (1024K)
 Metaspace       used 22988K, committed 23296K, reserved 1114112K
  class space    used 2593K, committed 2752K, reserved 1048576K
}
Event: 2.433 GC heap before
{Heap before GC invocations=6 (full 0):
 garbage-first heap   total 34816K, used 23283K [0x0000000081600000, 0x0000000100000000)
  region size 1024K, 17 young (17408K), 1 survivors (1024K)
 Metaspace       used 24698K, committed 25024K, reserved 1114112K
  class space    used 2796K, committed 2944K, reserved 1048576K
}
Event: 2.435 GC heap after
{Heap after GC invocations=7 (full 0):
 garbage-first heap   total 34816K, used 7524K [0x0000000081600000, 0x0000000100000000)
  region size 1024K, 1 young (1024K), 1 survivors (1024K)
 Metaspace       used 24698K, committed 25024K, reserved 1114112K
  class space    used 2796K, committed 2944K, reserved 1048576K
}
Event: 2.512 GC heap before
{Heap before GC invocations=7 (full 0):
 garbage-first heap   total 34816K, used 22884K [0x0000000081600000, 0x0000000100000000)
  region size 1024K, 17 young (17408K), 1 survivors (1024K)
 Metaspace       used 26210K, committed 26496K, reserved 1114112K
  class space    used 2992K, committed 3136K, reserved 1048576K
}
Event: 2.515 GC heap after
{Heap after GC invocations=8 (full 0):
 garbage-first heap   total 78848K, used 7809K [0x0000000081600000, 0x0000000100000000)
  region size 1024K, 2 young (2048K), 2 survivors (2048K)
 Metaspace       used 26210K, committed 26496K, reserved 1114112K
  class space    used 2992K, committed 3136K, reserved 1048576K
}
Event: 2.924 GC heap before
{Heap before GC invocations=8 (full 0):
 garbage-first heap   total 78848K, used 52865K [0x0000000081600000, 0x0000000100000000)
  region size 1024K, 46 young (47104K), 2 survivors (2048K)
 Metaspace       used 29400K, committed 29760K, reserved 1114112K
  class space    used 3461K, committed 3648K, reserved 1048576K
}
Event: 2.931 GC heap after
{Heap after GC invocations=9 (full 0):
 garbage-first heap   total 78848K, used 10157K [0x0000000081600000, 0x0000000100000000)
  region size 1024K, 4 young (4096K), 4 survivors (4096K)
 Metaspace       used 29400K, committed 29760K, reserved 1114112K
  class space    used 3461K, committed 3648K, reserved 1048576K
}
Event: 3.465 GC heap before
{Heap before GC invocations=9 (full 0):
 garbage-first heap   total 78848K, used 52141K [0x0000000081600000, 0x0000000100000000)
  region size 1024K, 46 young (47104K), 4 survivors (4096K)
 Metaspace       used 32869K, committed 33280K, reserved 1114112K
  class space    used 3944K, committed 4160K, reserved 1048576K
}
Event: 3.475 GC heap after
{Heap after GC invocations=10 (full 0):
 garbage-first heap   total 78848K, used 11344K [0x0000000081600000, 0x0000000100000000)
  region size 1024K, 4 young (4096K), 4 survivors (4096K)
 Metaspace       used 32869K, committed 33280K, reserved 1114112K
  class space    used 3944K, committed 4160K, reserved 1048576K
}
Event: 4.087 GC heap before
{Heap before GC invocations=10 (full 0):
 garbage-first heap   total 78848K, used 41040K [0x0000000081600000, 0x0000000100000000)
  region size 1024K, 34 young (34816K), 4 survivors (4096K)
 Metaspace       used 35710K, committed 36096K, reserved 1114112K
  class space    used 4338K, committed 4544K, reserved 1048576K
}
Event: 4.099 GC heap after
{Heap after GC invocations=11 (full 0):
 garbage-first heap   total 78848K, used 12942K [0x0000000081600000, 0x0000000100000000)
  region size 1024K, 4 young (4096K), 4 survivors (4096K)
 Metaspace       used 35710K, committed 36096K, reserved 1114112K
  class space    used 4338K, committed 4544K, reserved 1048576K
}
Event: 4.518 GC heap before
{Heap before GC invocations=12 (full 0):
 garbage-first heap   total 55296K, used 41614K [0x0000000081600000, 0x0000000100000000)
  region size 1024K, 32 young (32768K), 4 survivors (4096K)
 Metaspace       used 37995K, committed 38400K, reserved 1114112K
  class space    used 4657K, committed 4864K, reserved 1048576K
}
Event: 4.527 GC heap after
{Heap after GC invocations=13 (full 0):
 garbage-first heap   total 55296K, used 14688K [0x0000000081600000, 0x0000000100000000)
  region size 1024K, 4 young (4096K), 4 survivors (4096K)
 Metaspace       used 37995K, committed 38400K, reserved 1114112K
  class space    used 4657K, committed 4864K, reserved 1048576K
}
Event: 4.539 GC heap before
{Heap before GC invocations=13 (full 0):
 garbage-first heap   total 55296K, used 15712K [0x0000000081600000, 0x0000000100000000)
  region size 1024K, 5 young (5120K), 4 survivors (4096K)
 Metaspace       used 38082K, committed 38464K, reserved 1114112K
  class space    used 4666K, committed 4864K, reserved 1048576K
}
Event: 4.546 GC heap after
{Heap after GC invocations=14 (full 0):
 garbage-first heap   total 66560K, used 14862K [0x0000000081600000, 0x0000000100000000)
  region size 1024K, 1 young (1024K), 1 survivors (1024K)
 Metaspace       used 38082K, committed 38464K, reserved 1114112K
  class space    used 4666K, committed 4864K, reserved 1048576K
}

